行 254: 控件 ImageList_Theme 的类 MSComctlLib.ImageList 不是一个已加载的控件类。
行 288: 控件 TreeView_Theme 的类 MSComctlLib.TreeView 不是一个已加载的控件类。
行 423: 控件 UpDown_scr_wait_min 的类 MSComCtl2.UpDown 不是一个已加载的控件类。
行 1211: 控件 TreeView_Sound 的类 MSComctlLib.TreeView 不是一个已加载的控件类。
行 1226: 控件 ImageList_sound 的类 MSComctlLib.ImageList 不是一个已加载的控件类。
行 1363: 控件 ImageList_wallpapers 的类 MSComctlLib.ImageList 不是一个已加载的控件类。
行 1372: 控件 ImageList_paper_style 的类 MSComctlLib.ImageList 不是一个已加载的控件类。
行 1406: 控件 ImageCombo_paper_style 的类 MSComctlLib.ImageCombo 不是一个已加载的控件类。
行 1422: 控件 TreeView_paper 的类 MSComctlLib.TreeView 不是一个已加载的控件类。
行 2473: 控件 ImageCombo_Classic_Style 的类 MSComctlLib.ImageCombo 不是一个已加载的控件类。
行 2488: 控件 ImageList_Classic_Style 的类 MSComctlLib.ImageList 不是一个已加载的控件类。
行 257: 属性名 _ExtentX 在 ImageList_Theme 中是无效的。
行 258: 属性名 _ExtentY 在 ImageList_Theme 中是无效的。
行 260: 属性名 MaskColor 在 ImageList_Theme 中是无效的。
行 261: 属性名 _Version 在 ImageList_Theme 中是无效的。
行 294: 属性名 _ExtentX 在 TreeView_Theme 中是无效的。
行 295: 属性名 _ExtentY 在 TreeView_Theme 中是无效的。
行 296: 属性名 _Version 在 TreeView_Theme 中是无效的。
行 297: 属性名 HideSelection 在 TreeView_Theme 中是无效的。
行 298: 属性名 Style 在 TreeView_Theme 中是无效的。
行 299: 属性名 ImageList 在 TreeView_Theme 中是无效的。
行 429: 属性名 _ExtentX 在 UpDown_scr_wait_min 中是无效的。
行 430: 属性名 _ExtentY 在 UpDown_scr_wait_min 中是无效的。
行 431: 属性名 _Version 在 UpDown_scr_wait_min 中是无效的。
行 432: 属性名 Value 在 UpDown_scr_wait_min 中是无效的。
行 433: 属性名 BuddyControl 在 UpDown_scr_wait_min 中是无效的。
行 434: 属性名 BuddyDispid 在 UpDown_scr_wait_min 中是无效的。
行 435: 属性名 OrigLeft 在 UpDown_scr_wait_min 中是无效的。
行 436: 属性名 OrigTop 在 UpDown_scr_wait_min 中是无效的。
行 437: 属性名 OrigRight 在 UpDown_scr_wait_min 中是无效的。
行 438: 属性名 OrigBottom 在 UpDown_scr_wait_min 中是无效的。
行 439: 属性名 Max 在 UpDown_scr_wait_min 中是无效的。
行 440: 属性名 Min 在 UpDown_scr_wait_min 中是无效的。
行 441: 属性名 SyncBuddy 在 UpDown_scr_wait_min 中是无效的。
行 442: 属性名 BuddyProperty 在 UpDown_scr_wait_min 中是无效的。
行 1217: 属性名 _ExtentX 在 TreeView_Sound 中是无效的。
行 1218: 属性名 _ExtentY 在 TreeView_Sound 中是无效的。
行 1219: 属性名 _Version 在 TreeView_Sound 中是无效的。
行 1220: 属性名 HideSelection 在 TreeView_Sound 中是无效的。
行 1221: 属性名 LabelEdit 在 TreeView_Sound 中是无效的。
行 1222: 属性名 Style 在 TreeView_Sound 中是无效的。
行 1223: 属性名 ImageList 在 TreeView_Sound 中是无效的。
行 1229: 属性名 _ExtentX 在 ImageList_sound 中是无效的。
行 1230: 属性名 _ExtentY 在 ImageList_sound 中是无效的。
行 1232: 属性名 ImageWidth 在 ImageList_sound 中是无效的。
行 1233: 属性名 ImageHeight 在 ImageList_sound 中是无效的。
行 1234: 属性名 MaskColor 在 ImageList_sound 中是无效的。
行 1235: 属性名 _Version 在 ImageList_sound 中是无效的。
行 1250: 属性名 Images 在 ImageList_sound 中是无效的。
行 1366: 属性名 _ExtentX 在 ImageList_wallpapers 中是无效的。
行 1367: 属性名 _ExtentY 在 ImageList_wallpapers 中是无效的。
行 1369: 属性名 MaskColor 在 ImageList_wallpapers 中是无效的。
行 1370: 属性名 _Version 在 ImageList_wallpapers 中是无效的。
行 1375: 属性名 _ExtentX 在 ImageList_paper_style 中是无效的。
行 1376: 属性名 _ExtentY 在 ImageList_paper_style 中是无效的。
行 1378: 属性名 ImageWidth 在 ImageList_paper_style 中是无效的。
行 1379: 属性名 ImageHeight 在 ImageList_paper_style 中是无效的。
行 1380: 属性名 MaskColor 在 ImageList_paper_style 中是无效的。
行 1381: 属性名 _Version 在 ImageList_paper_style 中是无效的。
行 1404: 属性名 Images 在 ImageList_paper_style 中是无效的。
行 1412: 属性名 _ExtentX 在 ImageCombo_paper_style 中是无效的。
行 1413: 属性名 _ExtentY 在 ImageCombo_paper_style 中是无效的。
行 1414: 属性名 _Version 在 ImageCombo_paper_style 中是无效的。
行 1418: 属性名 Locked 在 ImageCombo_paper_style 中是无效的。
行 1419: 属性名 Text 在 ImageCombo_paper_style 中是无效的。
行 1420: 属性名 ImageList 在 ImageCombo_paper_style 中是无效的。
行 1428: 属性名 _ExtentX 在 TreeView_paper 中是无效的。
行 1429: 属性名 _ExtentY 在 TreeView_paper 中是无效的。
行 1430: 属性名 _Version 在 TreeView_paper 中是无效的。
行 1431: 属性名 HideSelection 在 TreeView_paper 中是无效的。
行 1432: 属性名 Style 在 TreeView_paper 中是无效的。
行 1433: 属性名 ImageList 在 TreeView_paper 中是无效的。
行 2479: 属性名 _ExtentX 在 ImageCombo_Classic_Style 中是无效的。
行 2480: 属性名 _ExtentY 在 ImageCombo_Classic_Style 中是无效的。
行 2481: 属性名 _Version 在 ImageCombo_Classic_Style 中是无效的。
行 2485: 属性名 Locked 在 ImageCombo_Classic_Style 中是无效的。
行 2486: 属性名 ImageList 在 ImageCombo_Classic_Style 中是无效的。
行 2491: 属性名 _ExtentX 在 ImageList_Classic_Style 中是无效的。
行 2492: 属性名 _ExtentY 在 ImageList_Classic_Style 中是无效的。
行 2494: 属性名 ImageWidth 在 ImageList_Classic_Style 中是无效的。
行 2495: 属性名 ImageHeight 在 ImageList_Classic_Style 中是无效的。
行 2496: 属性名 MaskColor 在 ImageList_Classic_Style 中是无效的。
行 2497: 属性名 _Version 在 ImageList_Classic_Style 中是无效的。
行 2530: 属性名 Images 在 ImageList_Classic_Style 中是无效的。
